TN:
SF:src/index.js
FN:27,(anonymous_0)
FN:35,(anonymous_1)
FN:58,(anonymous_2)
FN:118,(anonymous_3)
FN:162,(anonymous_4)
FN:186,(anonymous_5)
FN:212,(anonymous_6)
FN:236,(anonymous_7)
FNF:8
FNH:0
FNDA:0,(anonymous_0)
FNDA:0,(anonymous_1)
FNDA:0,(anonymous_2)
FNDA:0,(anonymous_3)
FNDA:0,(anonymous_4)
FNDA:0,(anonymous_5)
FNDA:0,(anonymous_6)
FNDA:0,(anonymous_7)
DA:1,1
DA:2,1
DA:3,1
DA:5,1
DA:6,1
DA:11,1
DA:25,1
DA:26,1
DA:27,1
DA:28,0
DA:29,0
DA:35,1
DA:36,0
DA:37,0
DA:38,0
DA:46,0
DA:58,1
DA:59,0
DA:61,0
DA:62,0
DA:67,0
DA:68,0
DA:71,0
DA:72,0
DA:73,0
DA:76,0
DA:79,0
DA:86,0
DA:91,0
DA:92,0
DA:93,0
DA:96,0
DA:98,0
DA:106,0
DA:107,0
DA:108,0
DA:110,0
DA:118,1
DA:119,0
DA:120,0
DA:121,0
DA:126,0
DA:127,0
DA:131,0
DA:147,0
DA:153,0
DA:154,0
DA:162,1
DA:163,0
DA:164,0
DA:171,0
DA:177,0
DA:178,0
DA:186,1
DA:187,0
DA:189,0
DA:190,0
DA:193,0
DA:194,0
DA:198,0
DA:200,0
DA:201,0
DA:203,0
DA:204,0
DA:212,1
DA:213,0
DA:214,0
DA:215,0
DA:217,0
DA:218,0
DA:219,0
DA:220,0
DA:222,0
DA:223,0
DA:225,0
DA:226,0
DA:228,0
DA:229,0
DA:236,1
DA:237,0
DA:238,0
DA:241,1
LF:82
LH:17
BRDA:6,0,0,1
BRDA:6,0,1,1
BRDA:12,1,0,1
BRDA:12,1,1,1
BRDA:13,2,0,1
BRDA:13,2,1,1
BRDA:14,3,0,1
BRDA:14,3,1,1
BRDA:15,4,0,1
BRDA:15,4,1,1
BRDA:16,5,0,1
BRDA:16,5,1,1
BRDA:61,6,0,0
BRDA:61,6,1,0
BRDA:61,7,0,0
BRDA:61,7,1,0
BRDA:61,7,2,0
BRDA:67,8,0,0
BRDA:67,8,1,0
BRDA:82,9,0,0
BRDA:82,9,1,0
BRDA:91,10,0,0
BRDA:91,10,1,0
BRDA:126,11,0,0
BRDA:126,11,1,0
BRDA:189,12,0,0
BRDA:189,12,1,0
BRDA:189,13,0,0
BRDA:189,13,1,0
BRDA:189,13,2,0
BRDA:200,14,0,0
BRDA:200,14,1,0
BRDA:213,15,0,0
BRDA:218,16,0,0
BRDA:218,16,1,0
BRF:35
BRH:12
end_of_record
